14:38:57 **** Build of configuration Debug for project Lab 2.0 ****
make all 
Building file: ../test1.cpp
Invoking: Cross G++ Compiler
g++ -O0 -g3 -Wall -c -fmessage-length=0 -MMD -MP -MF"test1.d" -MT"test1.o" -o "test1.o" "../test1.cpp"
Finished building: ../test1.cpp
 
Building target: Lab 2.0
Invoking: Cross G++ Linker
g++  -o "Lab 2.0"  ./test1.o   
Undefined symbols for architecture x86_64:
  "_main", referenced from:
     implicit entry/start for main executable
ld: symbol(s) not found for architecture x86_64
clang: error: linker command failed with exit code 1 (use -v to see invocation)
make: *** [Lab 2.0] Error 1
"make all" terminated with exit code 2. Build might be incomplete.

14:38:57 Build Failed. 2 errors, 0 warnings. (took 694ms)

